Build started 3/1/2016 4:29:52 PM.
     1>Project "C:\Users\tostii\Documents\Visual Studio 2015\Projects\computationalFinance\computationalFinance\HW4\HW4\HW4.vcxproj" on node 2 (Build target(s)).
     1>ClCompile:
         C:\Program Files (x86)\Microsoft Visual Studio 14.0\VC\bin\CL.exe /c /ZI /nologo /W3 /WX- /sdl /Od /Oy- /D _MBCS /Gm /EHsc /RTC1 /MDd /GS /fp:precise /Zc:wchar_t /Zc:forScope /Zc:inline /Fo"Debug\\" /Fd"Debug\vc140.pdb" /Gd /TP /analyze- /errorReport:prompt Option.cpp main.cpp
         main.cpp
         Option.cpp
         Generating Code...
       Link:
         C:\Program Files (x86)\Microsoft Visual Studio 14.0\VC\bin\link.exe /ERRORREPORT:PROMPT /OUT:"C:\Users\tostii\Documents\Visual Studio 2015\Projects\computationalFinance\computationalFinance\HW4\Debug\HW4.exe" /INCREMENTAL /NOLOGO kernel32.lib user32.lib gdi32.lib winspool.lib comdlg32.lib advapi32.lib shell32.lib ole32.lib oleaut32.lib uuid.lib odbc32.lib odbccp32.lib /MANIFEST /MANIFESTUAC:"level='asInvoker' uiAccess='false'" /manifest:embed /Debug /PDB:"C:\Users\tostii\Documents\Visual Studio 2015\Projects\computationalFinance\computationalFinance\HW4\Debug\HW4.pdb" /TLBID:1 /DYNAMICBASE /NXCOMPAT /IMPLIB:"C:\Users\tostii\Documents\Visual Studio 2015\Projects\computationalFinance\computationalFinance\HW4\Debug\HW4.lib" /MACHINE:X86 Debug\AntiThetic.obj
         Debug\Arrays.obj
         Debug\main.obj
         Debug\Normals.obj
         Debug\Option.obj
         Debug\ParkMiller.obj
         Debug\Random1.obj
         Debug\Random2.obj
         Debug\Sobol.obj
         Debug\SobolSequence.obj
         HW4.vcxproj -> C:\Users\tostii\Documents\Visual Studio 2015\Projects\computationalFinance\computationalFinance\HW4\Debug\HW4.exe
     1>Done Building Project "C:\Users\tostii\Documents\Visual Studio 2015\Projects\computationalFinance\computationalFinance\HW4\HW4\HW4.vcxproj" (Build target(s)).

Build succeeded.

Time Elapsed 00:00:01.42
